[01m[K/home/pz10on/Work/ws01_plumbing/src/cpp07_exercise01/src/exer01_pub_sub.cpp:40:10:[m[K [01;31m[Kfatal error: [m[Kturtlesim/msg/pose.hpp: No such file or directory
   40 | #include [01;31m[K<turtlesim/msg/pose.hpp>[m[K
      |          [01;31m[K^~~~~~~~~~~~~~~~~~~~~~~~[m[K
compilation terminated.
gmake[2]: *** [CMakeFiles/exer01_pub_sub.dir/build.make:76: CMakeFiles/exer01_pub_sub.dir/src/exer01_pub_sub.cpp.o] Error 1
gmake[1]: *** [CMakeFiles/Makefile2:137: CMakeFiles/exer01_pub_sub.dir/all] Error 2
gmake: *** [Makefile:146: all] Error 2
