[0.011s] Invoking command in '/home/pz10on/Work/ws01_plumbing/build/cpp06_time': CMAKE_PREFIX_PATH=${CMAKE_PREFIX_PATH}:/opt/ros/humble /usr/bin/cmake --build /home/pz10on/Work/ws01_plumbing/build/cpp06_time -- -j12 -l12
[0.041s] [35m[1mConsolidate compiler generated dependencies of target demo01_time[0m
[0.052s] [ 50%] [32mBuilding CXX object CMakeFiles/demo01_time.dir/src/demo01_time.cpp.o[0m
[1.674s] [01m[K/home/pz10on/Work/ws01_plumbing/src/cpp06_time/src/demo01_time.cpp:[m[K In member function â€˜[01m[Kvoid MyNode::demo_duration()[m[Kâ€™:
[1.674s] [01m[K/home/pz10on/Work/ws01_plumbing/src/cpp06_time/src/demo01_time.cpp:68:20:[m[K [01;31m[Kerror: [m[Ka function-definition is not allowed here before â€˜[01m[K{[m[Kâ€™ token
[1.674s]    68 |     void demo_opt()[01;31m[K{[m[K
[1.674s]       |                    [01;31m[K^[m[K
[1.997s] gmake[2]: *** [CMakeFiles/demo01_time.dir/build.make:76: CMakeFiles/demo01_time.dir/src/demo01_time.cpp.o] Error 1
[1.998s] gmake[1]: *** [CMakeFiles/Makefile2:137: CMakeFiles/demo01_time.dir/all] Error 2
[1.998s] gmake: *** [Makefile:146: all] Error 2
[2.000s] Invoked command in '/home/pz10on/Work/ws01_plumbing/build/cpp06_time' returned '2': CMAKE_PREFIX_PATH=${CMAKE_PREFIX_PATH}:/opt/ros/humble /usr/bin/cmake --build /home/pz10on/Work/ws01_plumbing/build/cpp06_time -- -j12 -l12
