[35m[1mConsolidate compiler generated dependencies of target demo04_listener_stu[0m
[35m[1mConsolidate compiler generated dependencies of target demo01_talker_str[0m
[35m[1mConsolidate compiler generated dependencies of target demo03_talker_stu[0m
[35m[1mConsolidate compiler generated dependencies of target demo02_listener_str[0m
[ 50%] Built target demo04_listener_stu
[ 50%] Built target demo01_talker_str
[ 87%] [32mBuilding CXX object CMakeFiles/demo03_talker_stu.dir/src/demo03_talker_stu.cpp.o[0m
[ 87%] Built target demo02_listener_str
[01m[K/home/pz10on/Work/ws01_plumbing/src/cpp01_topic/src/demo03_talker_stu.cpp:[m[K In constructor ‚Äò[01m[KTalkerStu::TalkerStu()[m[K‚Äô:
[01m[K/home/pz10on/Work/ws01_plumbing/src/cpp01_topic/src/demo03_talker_stu.cpp:28:5:[m[K [01;31m[Kerror: [m[Kexpected ‚Äò[01m[K;[m[K‚Äô before ‚Äò[01m[K}[m[K‚Äô token
   28 |     [01;31m[K}[m[K
      |     [01;31m[K^[m[K
In file included from [01m[K/opt/ros/humble/include/rclcpp/rclcpp/logging.hpp:24[m[K,
                 from [01m[K/opt/ros/humble/include/rclcpp/rclcpp/client.hpp:40[m[K,
                 from [01m[K/opt/ros/humble/include/rclcpp/rclcpp/callback_group.hpp:24[m[K,
                 from [01m[K/opt/ros/humble/include/rclcpp/rclcpp/any_executable.hpp:20[m[K,
                 from [01m[K/opt/ros/humble/include/rclcpp/rclcpp/memory_strategy.hpp:25[m[K,
                 from [01m[K/opt/ros/humble/include/rclcpp/rclcpp/memory_strategies.hpp:18[m[K,
                 from [01m[K/opt/ros/humble/include/rclcpp/rclcpp/executor_options.hpp:20[m[K,
                 from [01m[K/opt/ros/humble/include/rclcpp/rclcpp/executor.hpp:37[m[K,
                 from [01m[K/opt/ros/humble/include/rclcpp/rclcpp/executors/multi_threaded_executor.hpp:25[m[K,
                 from [01m[K/opt/ros/humble/include/rclcpp/rclcpp/executors.hpp:21[m[K,
                 from [01m[K/opt/ros/humble/include/rclcpp/rclcpp/rclcpp.hpp:155[m[K,
                 from [01m[K/home/pz10on/Work/ws01_plumbing/src/cpp01_topic/src/demo03_talker_stu.cpp:14[m[K:
[01m[K/home/pz10on/Work/ws01_plumbing/src/cpp01_topic/src/demo03_talker_stu.cpp:[m[K In member function ‚Äò[01m[Kvoid TalkerStu::on_timer()[m[K‚Äô:
[01m[K/home/pz10on/Work/ws01_plumbing/src/cpp01_topic/src/demo03_talker_stu.cpp:39:95:[m[K [01;31m[Kerror: [m[Krequest for member ‚Äò[01m[Kc_str[m[K‚Äô in ‚Äò[01m[Kstu.base_interfaces_demo::msg::Student_<std::allocator<void> >::age[m[K‚Äô, which is of non-class type ‚Äò[01m[Kbase_interfaces_demo::msg::Student_<std::allocator<void> >::_age_type[m[K‚Äô {aka ‚Äò[01m[Kint[m[K‚Äô}
   39 |         RCLCPP_INFO(this-> get_logger(),"ÂèëÂ∏ÉÁöÑÊ∂àÊÅØÔºöÔºà%s,%d,%.2fÔºâ",stu.name.c_str(),stu.age.[01;31m[Kc_str[m[K(),stu.height.c_str());
      |                                                                                               [01;31m[K^~~~~[m[K
[01m[K/home/pz10on/Work/ws01_plumbing/src/cpp01_topic/src/demo03_talker_stu.cpp:39:114:[m[K [01;31m[Kerror: [m[Krequest for member ‚Äò[01m[Kc_str[m[K‚Äô in ‚Äò[01m[Kstu.base_interfaces_demo::msg::Student_<std::allocator<void> >::height[m[K‚Äô, which is of non-class type ‚Äò[01m[Kbase_interfaces_demo::msg::Student_<std::allocator<void> >::_height_type[m[K‚Äô {aka ‚Äò[01m[Kdouble[m[K‚Äô}
   39 |         RCLCPP_INFO(this-> get_logger(),"ÂèëÂ∏ÉÁöÑÊ∂àÊÅØÔºöÔºà%s,%d,%.2fÔºâ",stu.name.c_str(),stu.age.c_str(),stu.height.[01;31m[Kc_str[m[K());
      |                                                                                                                  [01;31m[K^~~~~[m[K
gmake[2]: *** [CMakeFiles/demo03_talker_stu.dir/build.make:76: CMakeFiles/demo03_talker_stu.dir/src/demo03_talker_stu.cpp.o] Error 1
gmake[1]: *** [CMakeFiles/Makefile2:195: CMakeFiles/demo03_talker_stu.dir/all] Error 2
gmake: *** [Makefile:146: all] Error 2
