[01m[K/home/pz10on/Work/ws01_plumbing/src/cpp02_service/src/demo02_client.cpp:[m[K In member function ‘[01m[Krclcpp::Client<base_interfaces_demo::srv::Addint>::SharedFutureWithRequestAndRequestId AddintClient::send_request(int, int)[m[K’:
[01m[K/home/pz10on/Work/ws01_plumbing/src/cpp02_service/src/demo02_client.cpp:75:47:[m[K [01;31m[Kerror: [m[Kcould not convert ‘[01m[Krclcpp::Client<ServiceT>::async_send_request(rclcpp::Client<ServiceT>::SharedRequest) [with ServiceT = base_interfaces_demo::srv::Addint; rclcpp::Client<ServiceT>::SharedRequest = std::shared_ptr<base_interfaces_demo::srv::Addint_Request_<std::allocator<void> > >](std::shared_ptr<base_interfaces_demo::srv::Addint_Request_<std::allocator<void> > >(request))[m[K’ from ‘[01m[Krclcpp::Client<base_interfaces_demo::srv::Addint>::FutureAndRequestId[m[K’ to ‘[01m[Krclcpp::Client<base_interfaces_demo::srv::Addint>::SharedFutureWithRequestAndRequestId[m[K’
   75 |             return [01;31m[Kclient_->async_send_request(request)[m[K;
      |                    [01;31m[K~~~~~~~~~~~~~~~~~~~~~~~~~~~^~~~~~~~~[m[K
      |                                               [01;31m[K|[m[K
      |                                               [01;31m[Krclcpp::Client<base_interfaces_demo::srv::Addint>::FutureAndRequestId[m[K
In file included from [01m[K/opt/ros/humble/include/rclcpp/rclcpp/logging.hpp:24[m[K,
                 from [01m[K/opt/ros/humble/include/rclcpp/rclcpp/client.hpp:40[m[K,
                 from [01m[K/opt/ros/humble/include/rclcpp/rclcpp/callback_group.hpp:24[m[K,
                 from [01m[K/opt/ros/humble/include/rclcpp/rclcpp/any_executable.hpp:20[m[K,
                 from [01m[K/opt/ros/humble/include/rclcpp/rclcpp/memory_strategy.hpp:25[m[K,
                 from [01m[K/opt/ros/humble/include/rclcpp/rclcpp/memory_strategies.hpp:18[m[K,
                 from [01m[K/opt/ros/humble/include/rclcpp/rclcpp/executor_options.hpp:20[m[K,
                 from [01m[K/opt/ros/humble/include/rclcpp/rclcpp/executor.hpp:37[m[K,
                 from [01m[K/opt/ros/humble/include/rclcpp/rclcpp/executors/multi_threaded_executor.hpp:25[m[K,
                 from [01m[K/opt/ros/humble/include/rclcpp/rclcpp/executors.hpp:21[m[K,
                 from [01m[K/opt/ros/humble/include/rclcpp/rclcpp/rclcpp.hpp:155[m[K,
                 from [01m[K/home/pz10on/Work/ws01_plumbing/src/cpp02_service/src/demo02_client.cpp:20[m[K:
[01m[K/home/pz10on/Work/ws01_plumbing/src/cpp02_service/src/demo02_client.cpp:[m[K In function ‘[01m[Kint main(int, const char**)[m[K’:
[01m[K/home/pz10on/Work/ws01_plumbing/src/cpp02_service/src/demo02_client.cpp:106:76:[m[K [01;31m[Kerror: [m[Kbase operand of ‘[01m[K->[m[K’ has non-pointer type ‘[01m[Kstd::pair<std::shared_ptr<base_interfaces_demo::srv::Addint_Request_<std::allocator<void> > >, std::shared_ptr<base_interfaces_demo::srv::Addint_Response_<std::allocator<void> > > >[m[K’
  106 |         RCLCPP_ERROR(client->get_logger(),"响应成功！sum = %d",future.get()[01;31m[K->[m[Knum3);
      |                                                                            [01;31m[K^~[m[K
gmake[2]: *** [CMakeFiles/demo02_client.dir/build.make:76: CMakeFiles/demo02_client.dir/src/demo02_client.cpp.o] Error 1
gmake[1]: *** [CMakeFiles/Makefile2:165: CMakeFiles/demo02_client.dir/all] Error 2
gmake: *** [Makefile:146: all] Error 2
