<?xml version="1.0" encoding="UTF-8"?>
<Site BuildName="(empty)"
	BuildStamp="20230829-0301-Experimental"
	Name="pz10on-laptop"
	Generator="ctest-3.22.1"
	CompilerName="/usr/bin/g++"
	CompilerVersion="11.4.0"
	OSName="Linux"
	Hostname="pz10on-laptop"
	OSRelease="6.2.0-26-generic"
	OSVersion="#26~22.04.1-Ubuntu SMP PREEMPT_DYNAMIC Thu Jul 13 16:27:29 UTC 2"
	OSPlatform="x86_64"
	Is64Bits="1"
	VendorString="GenuineIntel"
	VendorID="Intel Corporation"
	FamilyID="6"
	ModelID="141"
	ProcessorCacheSize="12288"
	NumberOfLogicalCPU="12"
	NumberOfPhysicalCPU="6"
	TotalVirtualMemory="15529"
	TotalPhysicalMemory="15559"
	LogicalProcessorsPerPhysical="2"
	ProcessorClockFrequency="3472.84"
	>
	<Testing>
		<StartDateTime>Aug 29 11:20 CST</StartDateTime>
		<StartTestTime>1693279200</StartTestTime>
		<TestList/>
		<EndDateTime>Aug 29 11:20 CST</EndDateTime>
		<EndTestTime>1693279200</EndTestTime>
		<ElapsedMinutes>0</ElapsedMinutes>
	</Testing>
</Site>
