-- Found ament_cmake: 1.3.5 (/opt/ros/humble/share/ament_cmake/cmake)
-- Found rclcpp: 16.0.5 (/opt/ros/humble/share/rclcpp/cmake)
-- Found rosidl_generator_c: 3.1.5 (/opt/ros/humble/share/rosidl_generator_c/cmake)
-- Found rosidl_adapter: 3.1.5 (/opt/ros/humble/share/rosidl_adapter/cmake)
-- Found rosidl_generator_cpp: 3.1.5 (/opt/ros/humble/share/rosidl_generator_cpp/cmake)
-- Using all available rosidl_typesupport_c: rosidl_typesupport_fastrtps_c;rosidl_typesupport_introspection_c
-- Using all available rosidl_typesupport_cpp: rosidl_typesupport_fastrtps_cpp;rosidl_typesupport_introspection_cpp
-- Found rmw_implementation_cmake: 6.1.1 (/opt/ros/humble/share/rmw_implementation_cmake/cmake)
-- Found rmw_fastrtps_cpp: 6.2.3 (/opt/ros/humble/share/rmw_fastrtps_cpp/cmake)
-- Using RMW implementation 'rmw_fastrtps_cpp' as default
-- Found rclcpp_action: 16.0.5 (/opt/ros/humble/share/rclcpp_action/cmake)
-- Found base_interfaces_demo: 0.0.0 (/home/pz10on/Work/ws01_plumbing/install/base_interfaces_demo/share/base_interfaces_demo/cmake)
-- Found geometry_msgs: 4.2.3 (/opt/ros/humble/share/geometry_msgs/cmake)
-- Found turtlesim: 1.4.2 (/opt/ros/humble/share/turtlesim/cmake)
-- Found ament_lint_auto: 0.12.7 (/opt/ros/humble/share/ament_lint_auto/cmake)
-- Added test 'cppcheck' to perform static code analysis on C / C++ code
-- Configured cppcheck include dirs: $<BUILD_INTERFACE:/home/pz10on/Work/ws01_plumbing/src/cpp07_exercise01/include>
-- Configured cppcheck exclude dirs and/or files: 
-- Added test 'flake8' to check Python code syntax and style conventions
-- Added test 'lint_cmake' to check CMake code style
-- Added test 'pep257' to check Python code against some of the docstring style conventions in PEP 257
-- Added test 'uncrustify' to check C / C++ code style
-- Configured uncrustify additional arguments: 
-- Added test 'xmllint' to check XML markup files
-- Configuring done
-- Generating done
-- Build files have been written to: /home/pz10on/Work/ws01_plumbing/build/cpp07_exercise01
[35m[1mConsolidate compiler generated dependencies of target exer01_pub_sub[0m
[35m[1mConsolidate compiler generated dependencies of target exer03_client[0m
[35m[1mConsolidate compiler generated dependencies of target exer02_server[0m
[ 33%] [32m[1mLinking CXX executable exer01_pub_sub[0m
[ 33%] [32mBuilding CXX object CMakeFiles/exer03_client.dir/src/exer03_client.cpp.o[0m
[ 50%] [32mBuilding CXX object CMakeFiles/exer02_server.dir/src/exer02_server.cpp.o[0m
[ 66%] Built target exer01_pub_sub
[01m[K/home/pz10on/Work/ws01_plumbing/src/cpp07_exercise01/src/exer03_client.cpp:[m[K In member function â€˜[01m[Krclcpp::Client<base_interfaces_demo::srv::Distance>::FutureAndRequestId Exe03Client::send_goal(float, float, float)[m[Kâ€™:
[01m[K/home/pz10on/Work/ws01_plumbing/src/cpp07_exercise01/src/exer03_client.cpp:42:14:[m[K [01;31m[Kerror: [m[Kâ€˜[01m[Kusing element_type = struct base_interfaces_demo::srv::Distance_Request_<std::allocator<void> >[m[Kâ€™ {aka â€˜[01m[Kstruct base_interfaces_demo::srv::Distance_Request_<std::allocator<void> >[m[Kâ€™} has no member named â€˜[01m[Kx[m[Kâ€™; did you mean â€˜[01m[Kx1[m[Kâ€™?
   42 |         req->[01;31m[Kx[m[K = x;
      |              [01;31m[K^[m[K
      |              [32m[Kx1[m[K
[01m[K/home/pz10on/Work/ws01_plumbing/src/cpp07_exercise01/src/exer03_client.cpp:43:14:[m[K [01;31m[Kerror: [m[Kâ€˜[01m[Kusing element_type = struct base_interfaces_demo::srv::Distance_Request_<std::allocator<void> >[m[Kâ€™ {aka â€˜[01m[Kstruct base_interfaces_demo::srv::Distance_Request_<std::allocator<void> >[m[Kâ€™} has no member named â€˜[01m[Ky[m[Kâ€™; did you mean â€˜[01m[Ky1[m[Kâ€™?
   43 |         req->[01;31m[Ky[m[K = y;
      |              [01;31m[K^[m[K
      |              [32m[Ky1[m[K
[01m[K/home/pz10on/Work/ws01_plumbing/src/cpp07_exercise01/src/exer02_server.cpp:[m[K In member function â€˜[01m[Kvoid Exe02Server::distance_cb(base_interfaces_demo::srv::Distance_Request_<std::allocator<void> >::SharedPtr, base_interfaces_demo::srv::Distance_Response_<std::allocator<void> >::SharedPtr)[m[Kâ€™:
[01m[K/home/pz10on/Work/ws01_plumbing/src/cpp07_exercise01/src/exer02_server.cpp:49:29:[m[K [01;31m[Kerror: [m[Kâ€˜[01m[Kusing element_type = struct base_interfaces_demo::srv::Distance_Request_<std::allocator<void> >[m[Kâ€™ {aka â€˜[01m[Kstruct base_interfaces_demo::srv::Distance_Request_<std::allocator<void> >[m[Kâ€™} has no member named â€˜[01m[Kx[m[Kâ€™; did you mean â€˜[01m[Kx1[m[Kâ€™?
   49 |         float goal_x = req->[01;31m[Kx[m[K;
      |                             [01;31m[K^[m[K
      |                             [32m[Kx1[m[K
[01m[K/home/pz10on/Work/ws01_plumbing/src/cpp07_exercise01/src/exer02_server.cpp:50:29:[m[K [01;31m[Kerror: [m[Kâ€˜[01m[Kusing element_type = struct base_interfaces_demo::srv::Distance_Request_<std::allocator<void> >[m[Kâ€™ {aka â€˜[01m[Kstruct base_interfaces_demo::srv::Distance_Request_<std::allocator<void> >[m[Kâ€™} has no member named â€˜[01m[Ky[m[Kâ€™; did you mean â€˜[01m[Ky1[m[Kâ€™?
   50 |         float goal_y = req->[01;31m[Ky[m[K;
      |                             [01;31m[K^[m[K
      |                             [32m[Ky1[m[K
gmake[2]: *** [CMakeFiles/exer03_client.dir/build.make:76: CMakeFiles/exer03_client.dir/src/exer03_client.cpp.o] Error 1
gmake[1]: *** [CMakeFiles/Makefile2:193: CMakeFiles/exer03_client.dir/all] Error 2
gmake[1]: *** Waiting for unfinished jobs....
gmake[2]: *** [CMakeFiles/exer02_server.dir/build.make:76: CMakeFiles/exer02_server.dir/src/exer02_server.cpp.o] Error 1
gmake[1]: *** [CMakeFiles/Makefile2:167: CMakeFiles/exer02_server.dir/all] Error 2
gmake: *** [Makefile:146: all] Error 2
