[0.018s] Invoking command in '/home/pz10on/Work/ws01_plumbing/build/cpp07_exercise01': CMAKE_PREFIX_PATH=/home/pz10on/Work/ws01_plumbing/install/base_interfaces_demo:/home/pz10on/Work/ws01_plumbing/install/myfirst_matepkg:/home/pz10on/Work/ws01_plumbing/install/cpp07_exercise01:/home/pz10on/Work/ws01_plumbing/install/cpp06_time:/home/pz10on/Work/ws01_plumbing/install/cpp05_names:/home/pz10on/Work/ws01_plumbing/install/cpp04_param:/home/pz10on/Work/ws01_plumbing/install/cpp03_action:/home/pz10on/Work/ws01_plumbing/install/cpp02_service:/home/pz10on/Work/ws01_plumbing/install/cpp01_topic:/opt/ros/humble /usr/bin/cmake --build /home/pz10on/Work/ws01_plumbing/build/cpp07_exercise01 -- -j12 -l12
[0.036s] -- Found ament_cmake: 1.3.5 (/opt/ros/humble/share/ament_cmake/cmake)
[0.141s] -- Found rclcpp: 16.0.5 (/opt/ros/humble/share/rclcpp/cmake)
[0.162s] -- Found rosidl_generator_c: 3.1.5 (/opt/ros/humble/share/rosidl_generator_c/cmake)
[0.164s] -- Found rosidl_adapter: 3.1.5 (/opt/ros/humble/share/rosidl_adapter/cmake)
[0.168s] -- Found rosidl_generator_cpp: 3.1.5 (/opt/ros/humble/share/rosidl_generator_cpp/cmake)
[0.175s] -- Using all available rosidl_typesupport_c: rosidl_typesupport_fastrtps_c;rosidl_typesupport_introspection_c
[0.186s] -- Using all available rosidl_typesupport_cpp: rosidl_typesupport_fastrtps_cpp;rosidl_typesupport_introspection_cpp
[0.232s] -- Found rmw_implementation_cmake: 6.1.1 (/opt/ros/humble/share/rmw_implementation_cmake/cmake)
[0.234s] -- Found rmw_fastrtps_cpp: 6.2.3 (/opt/ros/humble/share/rmw_fastrtps_cpp/cmake)
[0.324s] -- Using RMW implementation 'rmw_fastrtps_cpp' as default
[0.445s] -- Found rclcpp_action: 16.0.5 (/opt/ros/humble/share/rclcpp_action/cmake)
[0.507s] -- Found base_interfaces_demo: 0.0.0 (/home/pz10on/Work/ws01_plumbing/install/base_interfaces_demo/share/base_interfaces_demo/cmake)
[0.541s] -- Found geometry_msgs: 4.2.3 (/opt/ros/humble/share/geometry_msgs/cmake)
[0.572s] -- Found turtlesim: 1.4.2 (/opt/ros/humble/share/turtlesim/cmake)
[0.644s] -- Found ament_lint_auto: 0.12.7 (/opt/ros/humble/share/ament_lint_auto/cmake)
[0.700s] -- Added test 'cppcheck' to perform static code analysis on C / C++ code
[0.700s] -- Configured cppcheck include dirs: $<BUILD_INTERFACE:/home/pz10on/Work/ws01_plumbing/src/cpp07_exercise01/include>
[0.700s] -- Configured cppcheck exclude dirs and/or files: 
[0.701s] -- Added test 'flake8' to check Python code syntax and style conventions
[0.701s] -- Added test 'lint_cmake' to check CMake code style
[0.701s] -- Added test 'pep257' to check Python code against some of the docstring style conventions in PEP 257
[0.702s] -- Added test 'uncrustify' to check C / C++ code style
[0.702s] -- Configured uncrustify additional arguments: 
[0.703s] -- Added test 'xmllint' to check XML markup files
[0.704s] -- Configuring done
[0.722s] -- Generating done
[0.723s] -- Build files have been written to: /home/pz10on/Work/ws01_plumbing/build/cpp07_exercise01
[0.744s] [35m[1mConsolidate compiler generated dependencies of target exer01_pub_sub[0m
[0.745s] [35m[1mConsolidate compiler generated dependencies of target exer03_client[0m
[0.746s] [35m[1mConsolidate compiler generated dependencies of target exer02_server[0m
[0.759s] [ 33%] [32m[1mLinking CXX executable exer01_pub_sub[0m
[0.759s] [ 33%] [32mBuilding CXX object CMakeFiles/exer03_client.dir/src/exer03_client.cpp.o[0m
[0.761s] [ 50%] [32mBuilding CXX object CMakeFiles/exer02_server.dir/src/exer02_server.cpp.o[0m
[1.117s] [ 66%] Built target exer01_pub_sub
[2.554s] [01m[K/home/pz10on/Work/ws01_plumbing/src/cpp07_exercise01/src/exer03_client.cpp:[m[K In member function â€˜[01m[Krclcpp::Client<base_interfaces_demo::srv::Distance>::FutureAndRequestId Exe03Client::send_goal(float, float, float)[m[Kâ€™:
[2.554s] [01m[K/home/pz10on/Work/ws01_plumbing/src/cpp07_exercise01/src/exer03_client.cpp:42:14:[m[K [01;31m[Kerror: [m[Kâ€˜[01m[Kusing element_type = struct base_interfaces_demo::srv::Distance_Request_<std::allocator<void> >[m[Kâ€™ {aka â€˜[01m[Kstruct base_interfaces_demo::srv::Distance_Request_<std::allocator<void> >[m[Kâ€™} has no member named â€˜[01m[Kx[m[Kâ€™; did you mean â€˜[01m[Kx1[m[Kâ€™?
[2.554s]    42 |         req->[01;31m[Kx[m[K = x;
[2.554s]       |              [01;31m[K^[m[K
[2.554s]       |              [32m[Kx1[m[K
[2.554s] [01m[K/home/pz10on/Work/ws01_plumbing/src/cpp07_exercise01/src/exer03_client.cpp:43:14:[m[K [01;31m[Kerror: [m[Kâ€˜[01m[Kusing element_type = struct base_interfaces_demo::srv::Distance_Request_<std::allocator<void> >[m[Kâ€™ {aka â€˜[01m[Kstruct base_interfaces_demo::srv::Distance_Request_<std::allocator<void> >[m[Kâ€™} has no member named â€˜[01m[Ky[m[Kâ€™; did you mean â€˜[01m[Ky1[m[Kâ€™?
[2.554s]    43 |         req->[01;31m[Ky[m[K = y;
[2.555s]       |              [01;31m[K^[m[K
[2.555s]       |              [32m[Ky1[m[K
[2.602s] [01m[K/home/pz10on/Work/ws01_plumbing/src/cpp07_exercise01/src/exer02_server.cpp:[m[K In member function â€˜[01m[Kvoid Exe02Server::distance_cb(base_interfaces_demo::srv::Distance_Request_<std::allocator<void> >::SharedPtr, base_interfaces_demo::srv::Distance_Response_<std::allocator<void> >::SharedPtr)[m[Kâ€™:
[2.602s] [01m[K/home/pz10on/Work/ws01_plumbing/src/cpp07_exercise01/src/exer02_server.cpp:49:29:[m[K [01;31m[Kerror: [m[Kâ€˜[01m[Kusing element_type = struct base_interfaces_demo::srv::Distance_Request_<std::allocator<void> >[m[Kâ€™ {aka â€˜[01m[Kstruct base_interfaces_demo::srv::Distance_Request_<std::allocator<void> >[m[Kâ€™} has no member named â€˜[01m[Kx[m[Kâ€™; did you mean â€˜[01m[Kx1[m[Kâ€™?
[2.602s]    49 |         float goal_x = req->[01;31m[Kx[m[K;
[2.602s]       |                             [01;31m[K^[m[K
[2.602s]       |                             [32m[Kx1[m[K
[2.602s] [01m[K/home/pz10on/Work/ws01_plumbing/src/cpp07_exercise01/src/exer02_server.cpp:50:29:[m[K [01;31m[Kerror: [m[Kâ€˜[01m[Kusing element_type = struct base_interfaces_demo::srv::Distance_Request_<std::allocator<void> >[m[Kâ€™ {aka â€˜[01m[Kstruct base_interfaces_demo::srv::Distance_Request_<std::allocator<void> >[m[Kâ€™} has no member named â€˜[01m[Ky[m[Kâ€™; did you mean â€˜[01m[Ky1[m[Kâ€™?
[2.602s]    50 |         float goal_y = req->[01;31m[Ky[m[K;
[2.602s]       |                             [01;31m[K^[m[K
[2.602s]       |                             [32m[Ky1[m[K
[3.021s] gmake[2]: *** [CMakeFiles/exer03_client.dir/build.make:76: CMakeFiles/exer03_client.dir/src/exer03_client.cpp.o] Error 1
[3.021s] gmake[1]: *** [CMakeFiles/Makefile2:193: CMakeFiles/exer03_client.dir/all] Error 2
[3.021s] gmake[1]: *** Waiting for unfinished jobs....
[4.507s] gmake[2]: *** [CMakeFiles/exer02_server.dir/build.make:76: CMakeFiles/exer02_server.dir/src/exer02_server.cpp.o] Error 1
[4.508s] gmake[1]: *** [CMakeFiles/Makefile2:167: CMakeFiles/exer02_server.dir/all] Error 2
[4.508s] gmake: *** [Makefile:146: all] Error 2
[4.509s] Invoked command in '/home/pz10on/Work/ws01_plumbing/build/cpp07_exercise01' returned '2': CMAKE_PREFIX_PATH=/home/pz10on/Work/ws01_plumbing/install/base_interfaces_demo:/home/pz10on/Work/ws01_plumbing/install/myfirst_matepkg:/home/pz10on/Work/ws01_plumbing/install/cpp07_exercise01:/home/pz10on/Work/ws01_plumbing/install/cpp06_time:/home/pz10on/Work/ws01_plumbing/install/cpp05_names:/home/pz10on/Work/ws01_plumbing/install/cpp04_param:/home/pz10on/Work/ws01_plumbing/install/cpp03_action:/home/pz10on/Work/ws01_plumbing/install/cpp02_service:/home/pz10on/Work/ws01_plumbing/install/cpp01_topic:/opt/ros/humble /usr/bin/cmake --build /home/pz10on/Work/ws01_plumbing/build/cpp07_exercise01 -- -j12 -l12
