In file included from [01m[K/opt/ros/humble/include/rclcpp/rclcpp/logging.hpp:24[m[K,
                 from [01m[K/opt/ros/humble/include/rclcpp/rclcpp/client.hpp:40[m[K,
                 from [01m[K/opt/ros/humble/include/rclcpp/rclcpp/callback_group.hpp:24[m[K,
                 from [01m[K/opt/ros/humble/include/rclcpp/rclcpp/any_executable.hpp:20[m[K,
                 from [01m[K/opt/ros/humble/include/rclcpp/rclcpp/memory_strategy.hpp:25[m[K,
                 from [01m[K/opt/ros/humble/include/rclcpp/rclcpp/memory_strategies.hpp:18[m[K,
                 from [01m[K/opt/ros/humble/include/rclcpp/rclcpp/executor_options.hpp:20[m[K,
                 from [01m[K/opt/ros/humble/include/rclcpp/rclcpp/executor.hpp:37[m[K,
                 from [01m[K/opt/ros/humble/include/rclcpp/rclcpp/executors/multi_threaded_executor.hpp:25[m[K,
                 from [01m[K/opt/ros/humble/include/rclcpp/rclcpp/executors.hpp:21[m[K,
                 from [01m[K/opt/ros/humble/include/rclcpp/rclcpp/rclcpp.hpp:155[m[K,
                 from [01m[K/home/pz10on/Work/ws01_plumbing/src/cpp06_time/src/demo01_time.cpp:11[m[K:
[01m[K/home/pz10on/Work/ws01_plumbing/src/cpp06_time/src/demo01_time.cpp:[m[K In member function â€˜[01m[Kvoid MyNode::demo_opt()[m[Kâ€™:
[01m[K/home/pz10on/Work/ws01_plumbing/src/cpp06_time/src/demo01_time.cpp:77:57:[m[K [01;31m[Kerror: [m[Kâ€˜[01m[Kt1[m[Kâ€™ was not declared in this scope; did you mean â€˜[01m[Ky1[m[Kâ€™?
   77 |         RCLCPP_INFO(this->get_logger(), "t1 >= t2 ? %d",[01;31m[Kt1[m[K >= t2);
      |                                                         [01;31m[K^~[m[K
[01m[K/home/pz10on/Work/ws01_plumbing/src/cpp06_time/src/demo01_time.cpp:77:63:[m[K [01;31m[Kerror: [m[Kâ€˜[01m[Kt2[m[Kâ€™ was not declared in this scope; did you mean â€˜[01m[Ktm[m[Kâ€™?
   77 |         RCLCPP_INFO(this->get_logger(), "t1 >= t2 ? %d",t1 >= [01;31m[Kt2[m[K);
      |                                                               [01;31m[K^~[m[K
[01m[K/home/pz10on/Work/ws01_plumbing/src/cpp06_time/src/demo01_time.cpp:78:56:[m[K [01;31m[Kerror: [m[Kâ€˜[01m[Kt1[m[Kâ€™ was not declared in this scope; did you mean â€˜[01m[Ky1[m[Kâ€™?
   78 |         RCLCPP_INFO(this->get_logger(), "t1 < t2 ? %d",[01;31m[Kt1[m[K > t2);
      |                                                        [01;31m[K^~[m[K
[01m[K/home/pz10on/Work/ws01_plumbing/src/cpp06_time/src/demo01_time.cpp:78:61:[m[K [01;31m[Kerror: [m[Kâ€˜[01m[Kt2[m[Kâ€™ was not declared in this scope; did you mean â€˜[01m[Ktm[m[Kâ€™?
   78 |         RCLCPP_INFO(this->get_logger(), "t1 < t2 ? %d",t1 > [01;31m[Kt2[m[K);
      |                                                             [01;31m[K^~[m[K
gmake[2]: *** [CMakeFiles/demo01_time.dir/build.make:76: CMakeFiles/demo01_time.dir/src/demo01_time.cpp.o] Error 1
gmake[1]: *** [CMakeFiles/Makefile2:137: CMakeFiles/demo01_time.dir/all] Error 2
gmake: *** [Makefile:146: all] Error 2
