[0.011s] Invoking command in '/home/pz10on/Work/ws01_plumbing/build/cpp06_time': CMAKE_PREFIX_PATH=${CMAKE_PREFIX_PATH}:/opt/ros/humble /usr/bin/cmake --build /home/pz10on/Work/ws01_plumbing/build/cpp06_time -- -j12 -l12
[0.042s] [35m[1mConsolidate compiler generated dependencies of target demo01_time[0m
[0.054s] [ 50%] [32mBuilding CXX object CMakeFiles/demo01_time.dir/src/demo01_time.cpp.o[0m
[1.740s] In file included from [01m[K/opt/ros/humble/include/rclcpp/rclcpp/logging.hpp:24[m[K,
[1.741s]                  from [01m[K/opt/ros/humble/include/rclcpp/rclcpp/client.hpp:40[m[K,
[1.741s]                  from [01m[K/opt/ros/humble/include/rclcpp/rclcpp/callback_group.hpp:24[m[K,
[1.741s]                  from [01m[K/opt/ros/humble/include/rclcpp/rclcpp/any_executable.hpp:20[m[K,
[1.741s]                  from [01m[K/opt/ros/humble/include/rclcpp/rclcpp/memory_strategy.hpp:25[m[K,
[1.741s]                  from [01m[K/opt/ros/humble/include/rclcpp/rclcpp/memory_strategies.hpp:18[m[K,
[1.741s]                  from [01m[K/opt/ros/humble/include/rclcpp/rclcpp/executor_options.hpp:20[m[K,
[1.741s]                  from [01m[K/opt/ros/humble/include/rclcpp/rclcpp/executor.hpp:37[m[K,
[1.741s]                  from [01m[K/opt/ros/humble/include/rclcpp/rclcpp/executors/multi_threaded_executor.hpp:25[m[K,
[1.741s]                  from [01m[K/opt/ros/humble/include/rclcpp/rclcpp/executors.hpp:21[m[K,
[1.741s]                  from [01m[K/opt/ros/humble/include/rclcpp/rclcpp/rclcpp.hpp:155[m[K,
[1.741s]                  from [01m[K/home/pz10on/Work/ws01_plumbing/src/cpp06_time/src/demo01_time.cpp:11[m[K:
[1.741s] [01m[K/home/pz10on/Work/ws01_plumbing/src/cpp06_time/src/demo01_time.cpp:[m[K In member function â€˜[01m[Kvoid MyNode::demo_opt()[m[Kâ€™:
[1.741s] [01m[K/home/pz10on/Work/ws01_plumbing/src/cpp06_time/src/demo01_time.cpp:77:57:[m[K [01;31m[Kerror: [m[Kâ€˜[01m[Kt1[m[Kâ€™ was not declared in this scope; did you mean â€˜[01m[Ky1[m[Kâ€™?
[1.741s]    77 |         RCLCPP_INFO(this->get_logger(), "t1 >= t2 ? %d",[01;31m[Kt1[m[K >= t2);
[1.741s]       |                                                         [01;31m[K^~[m[K
[1.744s] [01m[K/home/pz10on/Work/ws01_plumbing/src/cpp06_time/src/demo01_time.cpp:77:63:[m[K [01;31m[Kerror: [m[Kâ€˜[01m[Kt2[m[Kâ€™ was not declared in this scope; did you mean â€˜[01m[Ktm[m[Kâ€™?
[1.744s]    77 |         RCLCPP_INFO(this->get_logger(), "t1 >= t2 ? %d",t1 >= [01;31m[Kt2[m[K);
[1.744s]       |                                                               [01;31m[K^~[m[K
[1.747s] [01m[K/home/pz10on/Work/ws01_plumbing/src/cpp06_time/src/demo01_time.cpp:78:56:[m[K [01;31m[Kerror: [m[Kâ€˜[01m[Kt1[m[Kâ€™ was not declared in this scope; did you mean â€˜[01m[Ky1[m[Kâ€™?
[1.747s]    78 |         RCLCPP_INFO(this->get_logger(), "t1 < t2 ? %d",[01;31m[Kt1[m[K > t2);
[1.747s]       |                                                        [01;31m[K^~[m[K
[1.750s] [01m[K/home/pz10on/Work/ws01_plumbing/src/cpp06_time/src/demo01_time.cpp:78:61:[m[K [01;31m[Kerror: [m[Kâ€˜[01m[Kt2[m[Kâ€™ was not declared in this scope; did you mean â€˜[01m[Ktm[m[Kâ€™?
[1.750s]    78 |         RCLCPP_INFO(this->get_logger(), "t1 < t2 ? %d",t1 > [01;31m[Kt2[m[K);
[1.750s]       |                                                             [01;31m[K^~[m[K
[2.089s] gmake[2]: *** [CMakeFiles/demo01_time.dir/build.make:76: CMakeFiles/demo01_time.dir/src/demo01_time.cpp.o] Error 1
[2.089s] gmake[1]: *** [CMakeFiles/Makefile2:137: CMakeFiles/demo01_time.dir/all] Error 2
[2.089s] gmake: *** [Makefile:146: all] Error 2
[2.091s] Invoked command in '/home/pz10on/Work/ws01_plumbing/build/cpp06_time' returned '2': CMAKE_PREFIX_PATH=${CMAKE_PREFIX_PATH}:/opt/ros/humble /usr/bin/cmake --build /home/pz10on/Work/ws01_plumbing/build/cpp06_time -- -j12 -l12
