<?xml version="1.0" encoding="UTF-8"?>
<Site BuildName="(empty)"
	BuildStamp="20230914-1226-Experimental"
	Name="pz10on-laptop"
	Generator="ctest-3.22.1"
	CompilerName="/usr/bin/g++"
	CompilerVersion="11.4.0"
	OSName="Linux"
	Hostname="pz10on-laptop"
	OSRelease="6.2.0-32-generic"
	OSVersion="#32~22.04.1-Ubuntu SMP PREEMPT_DYNAMIC Fri Aug 18 10:40:13 UTC 2"
	OSPlatform="x86_64"
	Is64Bits="1"
	VendorString="GenuineIntel"
	VendorID="Intel Corporation"
	FamilyID="6"
	ModelID="141"
	ProcessorCacheSize="12288"
	NumberOfLogicalCPU="12"
	NumberOfPhysicalCPU="6"
	TotalVirtualMemory="15529"
	TotalPhysicalMemory="15559"
	LogicalProcessorsPerPhysical="2"
	ProcessorClockFrequency="3890.3"
	>
	<Testing>
		<StartDateTime>Sep 14 20:26 CST</StartDateTime>
		<StartTestTime>1694694378</StartTestTime>
		<TestList/>
		<EndDateTime>Sep 14 20:26 CST</EndDateTime>
		<EndTestTime>1694694378</EndTestTime>
		<ElapsedMinutes>0</ElapsedMinutes>
	</Testing>
</Site>
